#
# A fatal error has been detected by the Java Runtime Environment:
#
#  SIGSEGV (0xb) at pc=0x00007fff72dd4dea, pid=82696, tid=775
#
# JRE version: Java(TM) SE Runtime Environment 18.9 (11.0.17+10) (build 11.0.17+10-LTS-269)
# Java VM: Java HotSpot(TM) 64-Bit Server VM 18.9 (11.0.17+10-LTS-269, mixed mode, tiered, compressed oops, g1 gc, bsd-amd64)
# Problematic frame:
# C  [libsystem_kernel.dylib+0xdea]  mach_msg_trap+0xa
#
# No core dump will be written. Core dumps have been disabled. To enable core dumping, try "ulimit -c unlimited" before starting Java again
#
# If you would like to submit a bug report, please visit:
#   https://bugreport.java.com/bugreport/crash.jsp
#

---------------  S U M M A R Y ------------

Command Line: App 49329

Host: iMac20,1 x86_64 3300 MHz, 12 cores, 8G, Darwin 19.6.0
Time: Thu Mar 28 00:00:47 2024 +00 elapsed time: 4332.321965 seconds (0d 1h 12m 12s)

---------------  T H R E A D  ---------------

Current thread is native thread

Stack: [0x00007ffeec8dd000,0x00007ffeed0dd000],  sp=0x00007ffeed0da6e8,  free space=8181k
Native frames: (J=compiled Java code, j=interpreted, Vv=VM code, C=native code)
C  [libsystem_kernel.dylib+0xdea]  mach_msg_trap+0xa
C  [CoreFoundation+0x84135]  __CFRunLoopServiceMachPort+0xf7
C  [CoreFoundation+0x82c02]  __CFRunLoopRun+0x527
C  [CoreFoundation+0x8207e]  CFRunLoopRunSpecific+0x1ce
C  [libjli.dylib+0x65ac]  CreateExecutionEnvironment+0x18e
C  [libjli.dylib+0x2817]  JLI_Launch+0x523
C  [java+0x12cc]  main+0x16c
C  [libdyld.dylib+0x1acc9]  start+0x1


siginfo: si_signo: 11 (SIGSEGV), si_code: 0 (unknown), si_addr: 0x0000000103401000

Register to memory mapping:

RAX=
[error occurred during error reporting (printing register info), id 0xb, SIGSEGV (0xb) at pc=0x0000000104b429a0]

Registers:
RAX=0x0000000010004005, RBX=0x0000000007000806, RCX=0x00007ffeed0da6e8, RDX=0x0000000000000000
RSP=0x00007ffeed0da6e8, RBP=0x00007ffeed0da740, RSI=0x0000000007000806, RDI=0x00007ffeed0da8b0
R8 =0x0000000000001203, R9 =0x00000000ffffffff, R10=0x0000000000000c00, R11=0x0000000000000206
R12=0x0000000007000806, R13=0x0000000000000c00, R14=0x00007ffeed0da8b0, R15=0x0000000000000000
RIP=0x00007fff72dd4dea, EFLAGS=0x0000000000000206, ERR=0x000000000100001f
  TRAPNO=0x0000000000000085

Top of Stack: (sp=0x00007ffeed0da6e8)
0x00007ffeed0da6e8:   00007fff72dd5160 0000000000000000
0x00007ffeed0da6f8:   00000000ffffffff 00007ffeed0da740
0x00007ffeed0da708:   00007fff72dd4bc9 00001203ffffffff
0x00007ffeed0da718:   00007fe36640ebe0 00000000ffffffff
0x00007ffeed0da728:   00007fe36640ea80 00007ffeed0da8b0
0x00007ffeed0da738:   0000000000001203 00007ffeed0da7d0
0x00007ffeed0da748:   00007fff39c15135 0000000000000000
0x00007ffeed0da758:   0000000000000000 00007ffeed0da830
0x00007ffeed0da768:   00000000ffffffff 0000000000001203
0x00007ffeed0da778:   00007ffeed0da888 00007ffeed0da860
0x00007ffeed0da788:   00007ffeed0da87c 0700080600001203
0x00007ffeed0da798:   0000000007000801 ffffffff00001203
0x00007ffeed0da7a8:   00007fe36640ea80 0000000000000000
0x00007ffeed0da7b8:   00000000ffffffff 0000000000001203
0x00007ffeed0da7c8:   00007fe36640ebe0 00007ffeed0db4e0
0x00007ffeed0da7d8:   00007fff39c13c02 00007fe36640ea80
0x00007ffeed0da7e8:   00007fe36640ebe0 00007ffeed0da830
0x00007ffeed0da7f8:   0000000000001103 0000000000000c03
0x00007ffeed0da808:   00007fff914c05c0 00007fff7d0179a1
0x00007ffeed0da818:   00007fff7d02af27 00007fff7d01c9e8
0x00007ffeed0da828:   00007fe36640efc0 ffffffffffffffff
0x00007ffeed0da838:   00007fe36640efd0 00007fe36640ebf0
0x00007ffeed0da848:   00007fe36640ea90 41c5da6ce18b50d3
0x00007ffeed0da858:   0000000000000000 00007ffeed0da8b0
0x00007ffeed0da868:   00000000111ac268 4415af1d78b58c00
0x00007ffeed0da878:   0000000000000001 00000c0300001103
0x00007ffeed0da888:   0000000000000000 00007ffeed0da8b0
0x00007ffeed0da898:   000000011112e31e 00007fff72d1bdb1
0x00007ffeed0da8a8:   00000001111a8810 00000c0000000000
0x00007ffeed0da8b8:   0000120300000000 00000000111a8810
0x00007ffeed0da8c8:   00000001111b1bf8 00007fff915f7590
0x00007ffeed0da8d8:   00000001111b19f8 00007fff915f7568 

Instructions: (pc=0x00007fff72dd4dea)
0x00007fff72dd4dca:   ca b8 1c 00 00 01 0f 05 c3 90 49 89 ca b8 1d 00
0x00007fff72dd4dda:   00 01 0f 05 c3 90 49 89 ca b8 1f 00 00 01 0f 05
0x00007fff72dd4dea:   c3 90 49 89 ca b8 20 00 00 01 0f 05 c3 90 49 89
0x00007fff72dd4dfa:   ca b8 21 00 00 01 0f 05 c3 90 49 89 ca b8 22 00 

Stack slot to memory mapping:
stack at sp + 0 slots: 
[error occurred during error reporting (inspecting top of stack), id 0xb, SIGSEGV (0xb) at pc=0x0000000104b429a0]


---------------  P R O C E S S  ---------------

VM state:not at safepoint (normal execution)

VM Mutex/Monitor currently owned by a thread: None

Heap address: 0x0000000780000000, size: 2048 MB, Compressed Oops mode: Zero based, Oop shift amount: 3
Narrow klass base: 0x0000000800000000, Narrow klass shift: 0
Compressed class space size: 1073741824 Address: 0x0000000800000000

Heap:
 garbage-first heap   total 131072K, used 15360K [0x0000000780000000, 0x0000000800000000)
  region size 1024K, 17 young (17408K), 0 survivors (0K)
 Metaspace       used 13529K, capacity 13817K, committed 13952K, reserved 1062912K
  class space    used 1298K, capacity 1369K, committed 1408K, reserved 1048576K
Heap Regions: E=young(eden), S=young(survivor), O=old, HS=humongous(starts), HC=humongous(continues), CS=collection set, F=free, A=archive, TAMS=top-at-mark-start (previous, next)
|   0|0x0000000780000000, 0x0000000780000000, 0x0000000780100000|  0%| F|  |TAMS 0x0000000780000000, 0x0000000780000000| Untracked 
|   1|0x0000000780100000, 0x0000000780100000, 0x0000000780200000|  0%| F|  |TAMS 0x0000000780100000, 0x0000000780100000| Untracked 
|   2|0x0000000780200000, 0x0000000780200000, 0x0000000780300000|  0%| F|  |TAMS 0x0000000780200000, 0x0000000780200000| Untracked 
|   3|0x0000000780300000, 0x0000000780300000, 0x0000000780400000|  0%| F|  |TAMS 0x0000000780300000, 0x0000000780300000| Untracked 
|   4|0x0000000780400000, 0x0000000780400000, 0x0000000780500000|  0%| F|  |TAMS 0x0000000780400000, 0x0000000780400000| Untracked 
|   5|0x0000000780500000, 0x0000000780500000, 0x0000000780600000|  0%| F|  |TAMS 0x0000000780500000, 0x0000000780500000| Untracked 
|   6|0x0000000780600000, 0x0000000780600000, 0x0000000780700000|  0%| F|  |TAMS 0x0000000780600000, 0x0000000780600000| Untracked 
|   7|0x0000000780700000, 0x0000000780700000, 0x0000000780800000|  0%| F|  |TAMS 0x0000000780700000, 0x0000000780700000| Untracked 
|   8|0x0000000780800000, 0x0000000780800000, 0x0000000780900000|  0%| F|  |TAMS 0x0000000780800000, 0x0000000780800000| Untracked 
|   9|0x0000000780900000, 0x0000000780900000, 0x0000000780a00000|  0%| F|  |TAMS 0x0000000780900000, 0x0000000780900000| Untracked 
|  10|0x0000000780a00000, 0x0000000780a00000, 0x0000000780b00000|  0%| F|  |TAMS 0x0000000780a00000, 0x0000000780a00000| Untracked 
|  11|0x0000000780b00000, 0x0000000780b00000, 0x0000000780c00000|  0%| F|  |TAMS 0x0000000780b00000, 0x0000000780b00000| Untracked 
|  12|0x0000000780c00000, 0x0000000780c00000, 0x0000000780d00000|  0%| F|  |TAMS 0x0000000780c00000, 0x0000000780c00000| Untracked 
|  13|0x0000000780d00000, 0x0000000780d00000, 0x0000000780e00000|  0%| F|  |TAMS 0x0000000780d00000, 0x0000000780d00000| Untracked 
|  14|0x0000000780e00000, 0x0000000780e00000, 0x0000000780f00000|  0%| F|  |TAMS 0x0000000780e00000, 0x0000000780e00000| Untracked 
|  15|0x0000000780f00000, 0x0000000780f00000, 0x0000000781000000|  0%| F|  |TAMS 0x0000000780f00000, 0x0000000780f00000| Untracked 
|  16|0x0000000781000000, 0x0000000781000000, 0x0000000781100000|  0%| F|  |TAMS 0x0000000781000000, 0x0000000781000000| Untracked 
|  17|0x0000000781100000, 0x0000000781100000, 0x0000000781200000|  0%| F|  |TAMS 0x0000000781100000, 0x0000000781100000| Untracked 
|  18|0x0000000781200000, 0x0000000781200000, 0x0000000781300000|  0%| F|  |TAMS 0x0000000781200000, 0x0000000781200000| Untracked 
|  19|0x0000000781300000, 0x0000000781300000, 0x0000000781400000|  0%| F|  |TAMS 0x0000000781300000, 0x0000000781300000| Untracked 
|  20|0x0000000781400000, 0x0000000781400000, 0x0000000781500000|  0%| F|  |TAMS 0x0000000781400000, 0x0000000781400000| Untracked 
|  21|0x0000000781500000, 0x0000000781500000, 0x0000000781600000|  0%| F|  |TAMS 0x0000000781500000, 0x0000000781500000| Untracked 
|  22|0x0000000781600000, 0x0000000781600000, 0x0000000781700000|  0%| F|  |TAMS 0x0000000781600000, 0x0000000781600000| Untracked 
|  23|0x0000000781700000, 0x0000000781700000, 0x0000000781800000|  0%| F|  |TAMS 0x0000000781700000, 0x0000000781700000| Untracked 
|  24|0x0000000781800000, 0x0000000781800000, 0x0000000781900000|  0%| F|  |TAMS 0x0000000781800000, 0x0000000781800000| Untracked 
|  25|0x0000000781900000, 0x0000000781900000, 0x0000000781a00000|  0%| F|  |TAMS 0x0000000781900000, 0x0000000781900000| Untracked 
|  26|0x0000000781a00000, 0x0000000781a00000, 0x0000000781b00000|  0%| F|  |TAMS 0x0000000781a00000, 0x0000000781a00000| Untracked 
|  27|0x0000000781b00000, 0x0000000781b00000, 0x0000000781c00000|  0%| F|  |TAMS 0x0000000781b00000, 0x0000000781b00000| Untracked 
|  28|0x0000000781c00000, 0x0000000781c00000, 0x0000000781d00000|  0%| F|  |TAMS 0x0000000781c00000, 0x0000000781c00000| Untracked 
|  29|0x0000000781d00000, 0x0000000781d00000, 0x0000000781e00000|  0%| F|  |TAMS 0x0000000781d00000, 0x0000000781d00000| Untracked 
|  30|0x0000000781e00000, 0x0000000781e00000, 0x0000000781f00000|  0%| F|  |TAMS 0x0000000781e00000, 0x0000000781e00000| Untracked 
|  31|0x0000000781f00000, 0x0000000781f00000, 0x0000000782000000|  0%| F|  |TAMS 0x0000000781f00000, 0x0000000781f00000| Untracked 
|  32|0x0000000782000000, 0x0000000782000000, 0x0000000782100000|  0%| F|  |TAMS 0x0000000782000000, 0x0000000782000000| Untracked 
|  33|0x0000000782100000, 0x0000000782100000, 0x0000000782200000|  0%| F|  |TAMS 0x0000000782100000, 0x0000000782100000| Untracked 
|  34|0x0000000782200000, 0x0000000782200000, 0x0000000782300000|  0%| F|  |TAMS 0x0000000782200000, 0x0000000782200000| Untracked 
|  35|0x0000000782300000, 0x0000000782300000, 0x0000000782400000|  0%| F|  |TAMS 0x0000000782300000, 0x0000000782300000| Untracked 
|  36|0x0000000782400000, 0x0000000782400000, 0x0000000782500000|  0%| F|  |TAMS 0x0000000782400000, 0x0000000782400000| Untracked 
|  37|0x0000000782500000, 0x0000000782500000, 0x0000000782600000|  0%| F|  |TAMS 0x0000000782500000, 0x0000000782500000| Untracked 
|  38|0x0000000782600000, 0x0000000782600000, 0x0000000782700000|  0%| F|  |TAMS 0x0000000782600000, 0x0000000782600000| Untracked 
|  39|0x0000000782700000, 0x0000000782700000, 0x0000000782800000|  0%| F|  |TAMS 0x0000000782700000, 0x0000000782700000| Untracked 
|  40|0x0000000782800000, 0x0000000782800000, 0x0000000782900000|  0%| F|  |TAMS 0x0000000782800000, 0x0000000782800000| Untracked 
|  41|0x0000000782900000, 0x0000000782900000, 0x0000000782a00000|  0%| F|  |TAMS 0x0000000782900000, 0x0000000782900000| Untracked 
|  42|0x0000000782a00000, 0x0000000782a00000, 0x0000000782b00000|  0%| F|  |TAMS 0x0000000782a00000, 0x0000000782a00000| Untracked 
|  43|0x0000000782b00000, 0x0000000782b00000, 0x0000000782c00000|  0%| F|  |TAMS 0x0000000782b00000, 0x0000000782b00000| Untracked 
|  44|0x0000000782c00000, 0x0000000782c00000, 0x0000000782d00000|  0%| F|  |TAMS 0x0000000782c00000, 0x0000000782c00000| Untracked 
|  45|0x0000000782d00000, 0x0000000782d00000, 0x0000000782e00000|  0%| F|  |TAMS 0x0000000782d00000, 0x0000000782d00000| Untracked 
|  46|0x0000000782e00000, 0x0000000782e00000, 0x0000000782f00000|  0%| F|  |TAMS 0x0000000782e00000, 0x0000000782e00000| Untracked 
|  47|0x0000000782f00000, 0x0000000782f00000, 0x0000000783000000|  0%| F|  |TAMS 0x0000000782f00000, 0x0000000782f00000| Untracked 
|  48|0x0000000783000000, 0x0000000783000000, 0x0000000783100000|  0%| F|  |TAMS 0x0000000783000000, 0x0000000783000000| Untracked 
|  49|0x0000000783100000, 0x0000000783100000, 0x0000000783200000|  0%| F|  |TAMS 0x0000000783100000, 0x0000000783100000| Untracked 
|  50|0x0000000783200000, 0x0000000783200000, 0x0000000783300000|  0%| F|  |TAMS 0x0000000783200000, 0x0000000783200000| Untracked 
|  51|0x0000000783300000, 0x0000000783300000, 0x0000000783400000|  0%| F|  |TAMS 0x0000000783300000, 0x0000000783300000| Untracked 
|  52|0x0000000783400000, 0x0000000783400000, 0x0000000783500000|  0%| F|  |TAMS 0x0000000783400000, 0x0000000783400000| Untracked 
|  53|0x0000000783500000, 0x0000000783500000, 0x0000000783600000|  0%| F|  |TAMS 0x0000000783500000, 0x0000000783500000| Untracked 
|  54|0x0000000783600000, 0x0000000783600000, 0x0000000783700000|  0%| F|  |TAMS 0x0000000783600000, 0x0000000783600000| Untracked 
|  55|0x0000000783700000, 0x0000000783700000, 0x0000000783800000|  0%| F|  |TAMS 0x0000000783700000, 0x0000000783700000| Untracked 
|  56|0x0000000783800000, 0x0000000783800000, 0x0000000783900000|  0%| F|  |TAMS 0x0000000783800000, 0x0000000783800000| Untracked 
|  57|0x0000000783900000, 0x0000000783900000, 0x0000000783a00000|  0%| F|  |TAMS 0x0000000783900000, 0x0000000783900000| Untracked 
|  58|0x0000000783a00000, 0x0000000783a00000, 0x0000000783b00000|  0%| F|  |TAMS 0x0000000783a00000, 0x0000000783a00000| Untracked 
|  59|0x0000000783b00000, 0x0000000783b00000, 0x0000000783c00000|  0%| F|  |TAMS 0x0000000783b00000, 0x0000000783b00000| Untracked 
|  60|0x0000000783c00000, 0x0000000783c00000, 0x0000000783d00000|  0%| F|  |TAMS 0x0000000783c00000, 0x0000000783c00000| Untracked 
|  61|0x0000000783d00000, 0x0000000783d00000, 0x0000000783e00000|  0%| F|  |TAMS 0x0000000783d00000, 0x0000000783d00000| Untracked 
|  62|0x0000000783e00000, 0x0000000783e00000, 0x0000000783f00000|  0%| F|  |TAMS 0x0000000783e00000, 0x0000000783e00000| Untracked 
|  63|0x0000000783f00000, 0x0000000783f00000, 0x0000000784000000|  0%| F|  |TAMS 0x0000000783f00000, 0x0000000783f00000| Untracked 
|  64|0x0000000784000000, 0x0000000784000000, 0x0000000784100000|  0%| F|  |TAMS 0x0000000784000000, 0x0000000784000000| Untracked 
|  65|0x0000000784100000, 0x0000000784100000, 0x0000000784200000|  0%| F|  |TAMS 0x0000000784100000, 0x0000000784100000| Untracked 
|  66|0x0000000784200000, 0x0000000784200000, 0x0000000784300000|  0%| F|  |TAMS 0x0000000784200000, 0x0000000784200000| Untracked 
|  67|0x0000000784300000, 0x0000000784300000, 0x0000000784400000|  0%| F|  |TAMS 0x0000000784300000, 0x0000000784300000| Untracked 
|  68|0x0000000784400000, 0x0000000784400000, 0x0000000784500000|  0%| F|  |TAMS 0x0000000784400000, 0x0000000784400000| Untracked 
|  69|0x0000000784500000, 0x0000000784500000, 0x0000000784600000|  0%| F|  |TAMS 0x0000000784500000, 0x0000000784500000| Untracked 
|  70|0x0000000784600000, 0x0000000784600000, 0x0000000784700000|  0%| F|  |TAMS 0x0000000784600000, 0x0000000784600000| Untracked 
|  71|0x0000000784700000, 0x0000000784700000, 0x0000000784800000|  0%| F|  |TAMS 0x0000000784700000, 0x0000000784700000| Untracked 
|  72|0x0000000784800000, 0x0000000784800000, 0x0000000784900000|  0%| F|  |TAMS 0x0000000784800000, 0x0000000784800000| Untracked 
|  73|0x0000000784900000, 0x0000000784900000, 0x0000000784a00000|  0%| F|  |TAMS 0x0000000784900000, 0x0000000784900000| Untracked 
|  74|0x0000000784a00000, 0x0000000784a00000, 0x0000000784b00000|  0%| F|  |TAMS 0x0000000784a00000, 0x0000000784a00000| Untracked 
|  75|0x0000000784b00000, 0x0000000784b00000, 0x0000000784c00000|  0%| F|  |TAMS 0x0000000784b00000, 0x0000000784b00000| Untracked 
|  76|0x0000000784c00000, 0x0000000784c00000, 0x0000000784d00000|  0%| F|  |TAMS 0x0000000784c00000, 0x0000000784c00000| Untracked 
|  77|0x0000000784d00000, 0x0000000784d00000, 0x0000000784e00000|  0%| F|  |TAMS 0x0000000784d00000, 0x0000000784d00000| Untracked 
|  78|0x0000000784e00000, 0x0000000784e00000, 0x0000000784f00000|  0%| F|  |TAMS 0x0000000784e00000, 0x0000000784e00000| Untracked 
|  79|0x0000000784f00000, 0x0000000784f00000, 0x0000000785000000|  0%| F|  |TAMS 0x0000000784f00000, 0x0000000784f00000| Untracked 
|  80|0x0000000785000000, 0x0000000785000000, 0x0000000785100000|  0%| F|  |TAMS 0x0000000785000000, 0x0000000785000000| Untracked 
|  81|0x0000000785100000, 0x0000000785100000, 0x0000000785200000|  0%| F|  |TAMS 0x0000000785100000, 0x0000000785100000| Untracked 
|  82|0x0000000785200000, 0x0000000785200000, 0x0000000785300000|  0%| F|  |TAMS 0x0000000785200000, 0x0000000785200000| Untracked 
|  83|0x0000000785300000, 0x0000000785300000, 0x0000000785400000|  0%| F|  |TAMS 0x0000000785300000, 0x0000000785300000| Untracked 
|  84|0x0000000785400000, 0x0000000785400000, 0x0000000785500000|  0%| F|  |TAMS 0x0000000785400000, 0x0000000785400000| Untracked 
|  85|0x0000000785500000, 0x0000000785500000, 0x0000000785600000|  0%| F|  |TAMS 0x0000000785500000, 0x0000000785500000| Untracked 
|  86|0x0000000785600000, 0x0000000785600000, 0x0000000785700000|  0%| F|  |TAMS 0x0000000785600000, 0x0000000785600000| Untracked 
|  87|0x0000000785700000, 0x0000000785700000, 0x0000000785800000|  0%| F|  |TAMS 0x0000000785700000, 0x0000000785700000| Untracked 
|  88|0x0000000785800000, 0x0000000785800000, 0x0000000785900000|  0%| F|  |TAMS 0x0000000785800000, 0x0000000785800000| Untracked 
|  89|0x0000000785900000, 0x0000000785900000, 0x0000000785a00000|  0%| F|  |TAMS 0x0000000785900000, 0x0000000785900000| Untracked 
|  90|0x0000000785a00000, 0x0000000785a00000, 0x0000000785b00000|  0%| F|  |TAMS 0x0000000785a00000, 0x0000000785a00000| Untracked 
|  91|0x0000000785b00000, 0x0000000785b00000, 0x0000000785c00000|  0%| F|  |TAMS 0x0000000785b00000, 0x0000000785b00000| Untracked 
|  92|0x0000000785c00000, 0x0000000785c00000, 0x0000000785d00000|  0%| F|  |TAMS 0x0000000785c00000, 0x0000000785c00000| Untracked 
|  93|0x0000000785d00000, 0x0000000785d00000, 0x0000000785e00000|  0%| F|  |TAMS 0x0000000785d00000, 0x0000000785d00000| Untracked 
|  94|0x0000000785e00000, 0x0000000785e00000, 0x0000000785f00000|  0%| F|  |TAMS 0x0000000785e00000, 0x0000000785e00000| Untracked 
|  95|0x0000000785f00000, 0x0000000785f00000, 0x0000000786000000|  0%| F|  |TAMS 0x0000000785f00000, 0x0000000785f00000| Untracked 
|  96|0x0000000786000000, 0x0000000786000000, 0x0000000786100000|  0%| F|  |TAMS 0x0000000786000000, 0x0000000786000000| Untracked 
|  97|0x0000000786100000, 0x0000000786100000, 0x0000000786200000|  0%| F|  |TAMS 0x0000000786100000, 0x0000000786100000| Untracked 
|  98|0x0000000786200000, 0x0000000786200000, 0x0000000786300000|  0%| F|  |TAMS 0x0000000786200000, 0x0000000786200000| Untracked 
|  99|0x0000000786300000, 0x0000000786300000, 0x0000000786400000|  0%| F|  |TAMS 0x0000000786300000, 0x0000000786300000| Untracked 
| 100|0x0000000786400000, 0x0000000786400000, 0x0000000786500000|  0%| F|  |TAMS 0x0000000786400000, 0x0000000786400000| Untracked 
| 101|0x0000000786500000, 0x0000000786500000, 0x0000000786600000|  0%| F|  |TAMS 0x0000000786500000, 0x0000000786500000| Untracked 
| 102|0x0000000786600000, 0x0000000786600000, 0x0000000786700000|  0%| F|  |TAMS 0x0000000786600000, 0x0000000786600000| Untracked 
| 103|0x0000000786700000, 0x0000000786700000, 0x0000000786800000|  0%| F|  |TAMS 0x0000000786700000, 0x0000000786700000| Untracked 
| 104|0x0000000786800000, 0x0000000786800000, 0x0000000786900000|  0%| F|  |TAMS 0x0000000786800000, 0x0000000786800000| Untracked 
| 105|0x0000000786900000, 0x0000000786900000, 0x0000000786a00000|  0%| F|  |TAMS 0x0000000786900000, 0x0000000786900000| Untracked 
| 106|0x0000000786a00000, 0x0000000786a00000, 0x0000000786b00000|  0%| F|  |TAMS 0x0000000786a00000, 0x0000000786a00000| Untracked 
| 107|0x0000000786b00000, 0x0000000786b00000, 0x0000000786c00000|  0%| F|  |TAMS 0x0000000786b00000, 0x0000000786b00000| Untracked 
| 108|0x0000000786c00000, 0x0000000786c00000, 0x0000000786d00000|  0%| F|  |TAMS 0x0000000786c00000, 0x0000000786c00000| Untracked 
| 109|0x0000000786d00000, 0x0000000786d00000, 0x0000000786e00000|  0%| F|  |TAMS 0x0000000786d00000, 0x0000000786d00000| Untracked 
| 110|0x0000000786e00000, 0x0000000786e00000, 0x0000000786f00000|  0%| F|  |TAMS 0x0000000786e00000, 0x0000000786e00000| Untracked 
| 111|0x0000000786f00000, 0x0000000786ff6da8, 0x0000000787000000| 96%| E|  |TAMS 0x0000000786f00000, 0x0000000786f00000| Complete 
| 112|0x0000000787000000, 0x0000000787100000, 0x0000000787100000|100%| E|CS|TAMS 0x0000000787000000, 0x0000000787000000| Complete 
| 113|0x0000000787100000, 0x0000000787200000, 0x0000000787200000|100%| E|CS|TAMS 0x0000000787100000, 0x0000000787100000| Complete 
| 114|0x0000000787200000, 0x0000000787300000, 0x0000000787300000|100%| E|CS|TAMS 0x0000000787200000, 0x0000000787200000| Complete 
| 115|0x0000000787300000, 0x0000000787400000, 0x0000000787400000|100%| E|CS|TAMS 0x0000000787300000, 0x0000000787300000| Complete 
| 116|0x0000000787400000, 0x0000000787500000, 0x0000000787500000|100%| E|CS|TAMS 0x0000000787400000, 0x0000000787400000| Complete 
| 117|0x0000000787500000, 0x0000000787600000, 0x0000000787600000|100%| E|CS|TAMS 0x0000000787500000, 0x0000000787500000| Complete 
| 118|0x0000000787600000, 0x0000000787700000, 0x0000000787700000|100%| E|CS|TAMS 0x0000000787600000, 0x0000000787600000| Complete 
| 119|0x0000000787700000, 0x0000000787800000, 0x0000000787800000|100%| E|CS|TAMS 0x0000000787700000, 0x0000000787700000| Complete 
| 120|0x0000000787800000, 0x0000000787900000, 0x0000000787900000|100%| E|CS|TAMS 0x0000000787800000, 0x0000000787800000| Complete 
| 121|0x0000000787900000, 0x0000000787a00000, 0x0000000787a00000|100%| E|CS|TAMS 0x0000000787900000, 0x0000000787900000| Complete 
| 122|0x0000000787a00000, 0x0000000787b00000, 0x0000000787b00000|100%| E|CS|TAMS 0x0000000787a00000, 0x0000000787a00000| Complete 
| 123|0x0000000787b00000, 0x0000000787c00000, 0x0000000787c00000|100%| E|CS|TAMS 0x0000000787b00000, 0x0000000787b00000| Complete 
| 124|0x0000000787c00000, 0x0000000787d00000, 0x0000000787d00000|100%| E|CS|TAMS 0x0000000787c00000, 0x0000000787c00000| Complete 
| 125|0x0000000787d00000, 0x0000000787e00000, 0x0000000787e00000|100%| E|CS|TAMS 0x0000000787d00000, 0x0000000787d00000| Complete 
| 126|0x0000000787e00000, 0x0000000787f00000, 0x0000000787f00000|100%| E|  |TAMS 0x0000000787e00000, 0x0000000787e00000| Complete 
| 127|0x0000000787f00000, 0x0000000788000000, 0x0000000788000000|100%| E|CS|TAMS 0x0000000787f00000, 0x0000000787f00000| Complete 

Card table byte_map: [0x000000010ce39000,0x000000010d239000] _byte_map_base: 0x0000000109239000

Marking Bits (Prev, Next): (CMBitMap*) 0x00007fe366830618, (CMBitMap*) 0x00007fe366830650
 Prev Bits: [0x000000010d639000, 0x000000010f639000)
 Next Bits: [0x000000012021a000, 0x000000012221a000)

Polling page: 0x0000000102ba7000

Metaspace:

Usage:
  Non-class:     12.16 MB capacity,    11.94 MB ( 98%) used,   197.36 KB (  2%) free+waste,    19.56 KB ( <1%) overhead. 
      Class:      1.34 MB capacity,     1.27 MB ( 95%) used,    62.04 KB (  5%) free+waste,     8.69 KB ( <1%) overhead. 
       Both:     13.49 MB capacity,    13.21 MB ( 98%) used,   259.40 KB (  2%) free+waste,    28.25 KB ( <1%) overhead. 

Virtual space:
  Non-class space:       14.00 MB reserved,      12.25 MB ( 88%) committed 
      Class space:        1.00 GB reserved,       1.38 MB ( <1%) committed 
             Both:        1.01 GB reserved,      13.62 MB (  1%) committed 

Chunk freelists:
   Non-Class:  4.00 KB
       Class:  896 bytes
        Both:  4.88 KB

CodeHeap 'non-profiled nmethods': size=120032Kb used=343Kb max_used=343Kb free=119688Kb
 bounds [0x0000000118ce2000, 0x0000000118f52000, 0x000000012021a000]
CodeHeap 'profiled nmethods': size=120028Kb used=1973Kb max_used=1973Kb free=118054Kb
 bounds [0x00000001117ab000, 0x0000000111a1b000, 0x0000000118ce2000]
CodeHeap 'non-nmethods': size=5700Kb used=1080Kb max_used=1096Kb free=4619Kb
 bounds [0x000000011121a000, 0x000000011148a000, 0x00000001117ab000]
 total_blobs=1557 nmethods=1161 adapters=309
 compilation: enabled
              stopped_count=0, restarted_count=0
 full_count=0

Compilation events (10 events):
Event: 2087.359 Thread 0x00007fe36c813800 nmethod 1153 0x0000000111994290 code [0x0000000111994460, 0x0000000111994730]
Event: 2087.360 Thread 0x00007fe36c813800 1155       3       com.google.gson.stream.JsonWriter::string (169 bytes)
Event: 2087.360 Thread 0x00007fe36c813800 nmethod 1155 0x0000000111994890 code [0x0000000111994b40, 0x0000000111995a20]
Event: 2087.360 Thread 0x00007fe36c812800 nmethod 1154 0x0000000118d36e90 code [0x0000000118d37020, 0x0000000118d370f8]
Event: 3760.725 Thread 0x00007fe36c813800 1158       3       jdk.internal.reflect.NativeConstructorAccessorImpl::newInstance (89 bytes)
Event: 3760.729 Thread 0x00007fe36c813800 nmethod 1158 0x0000000111995f90 code [0x0000000111996240, 0x0000000111997130]
Event: 4179.695 Thread 0x00007fe36c813800 1160       3       java.lang.reflect.Field::getFieldAccessor (35 bytes)
Event: 4179.695 Thread 0x00007fe36c813800 nmethod 1160 0x0000000111997610 code [0x00000001119977c0, 0x00000001119979a0]
Event: 4179.695 Thread 0x00007fe36c813800 1161       3       jdk.internal.reflect.UnsafeFieldAccessorImpl::ensureObj (23 bytes)
Event: 4179.696 Thread 0x00007fe36c813800 nmethod 1161 0x0000000111997a90 code [0x0000000111997ca0, 0x0000000111998370]

GC Heap History (0 events):
No events

Deoptimization events (7 events):
Event: 17.188 Thread 0x00007fe36680c000 Uncommon trap: reason=unstable_if action=reinterpret pc=0x0000000118cebf90 method=java.util.zip.ZipFile$Source.isMetaName([BII)Z @ 43 c2
Event: 17.275 Thread 0x00007fe36680c000 Uncommon trap: reason=unstable_if action=reinterpret pc=0x0000000118ce6c8c method=java.lang.String.hashCode()I @ 14 c2
Event: 36.876 Thread 0x00007fe36680c000 Uncommon trap: reason=null_check action=make_not_entrant pc=0x0000000118d15268 method=jdk.internal.loader.URLClassPath.getLoader(I)Ljdk/internal/loader/URLClassPath$Loader; @ 36 c2
Event: 2023.738 Thread 0x00007fe36714b000 Uncommon trap: reason=unstable_if action=reinterpret pc=0x0000000118cffe94 method=java.lang.StringCoding.hasNegatives([BII)Z @ 12 c2
Event: 2023.739 Thread 0x00007fe36714b000 Uncommon trap: reason=unstable_if action=reinterpret pc=0x0000000118ce37f8 method=java.lang.String.isLatin1()Z @ 10 c2
Event: 2023.739 Thread 0x00007fe36714b000 Uncommon trap: reason=unstable_if action=reinterpret pc=0x0000000118ce2e14 method=java.lang.String.isLatin1()Z @ 10 c2
Event: 2037.186 Thread 0x00007fe36714b000 Uncommon trap: reason=unstable_if action=reinterpret pc=0x0000000118cf9ddc method=java.lang.StringCoding.hasNegatives([BII)Z @ 12 c2

Classes redefined (0 events):
No events

Internal exceptions (6 events):
Event: 24.706 Thread 0x00007fe36680c000 Exception <a 'java/lang/NoSuchMethodError'{0x000000078786ca88}: java.lang.invoke.DirectMethodHandle$Holder.invokeStatic(Ljava/lang/Object;Ljava/lang/Object;ILjava/lang/Object;)Ljava/lang/Object;> (0x000000078786ca88) thrown at [./open/src/hotspot/share/in
Event: 24.707 Thread 0x00007fe36680c000 Exception <a 'java/lang/NoSuchMethodError'{0x0000000787874118}: java.lang.invoke.Invokers$Holder.linkToTargetMethod(Ljava/lang/Object;ILjava/lang/Object;)Ljava/lang/Object;> (0x0000000787874118) thrown at [./open/src/hotspot/share/interpreter/linkResolver
Event: 36.876 Thread 0x00007fe36680c000 Implicit null exception at 0x0000000118d1468f to 0x0000000118d1525c
Event: 37.010 Thread 0x00007fe36680c000 Exception <a 'java/lang/NoSuchMethodError'{0x00000007873c2ba8}: java.lang.invoke.DirectMethodHandle$Holder.invokeSpecial(Ljava/lang/Object;Ljava/lang/Object;Ljava/lang/Object;Ljava/lang/Object;)V> (0x00000007873c2ba8) thrown at [./open/src/hotspot/share/i
Event: 39.957 Thread 0x00007fe36714b000 Exception <a 'java/lang/ClassNotFoundException'{0x00000007870c1b10}: sun/util/logging/resources/spi/loggingProvider> (0x00000007870c1b10) thrown at [./open/src/hotspot/share/classfile/systemDictionary.cpp, line 226]
Event: 40.835 Thread 0x00007fe36714b000 Exception <a 'java/lang/NoSuchMethodError'{0x0000000786f1c688}: java.lang.invoke.DirectMethodHandle$Holder.invokeSpecialIFC(Ljava/lang/Object;Ljava/lang/Object;I)I> (0x0000000786f1c688) thrown at [./open/src/hotspot/share/interpreter/linkResolver.cpp, lin

Events (10 events):
Event: 2023.738 Thread 0x00007fe36714b000 DEOPT UNPACKING pc=0x000000011123f925 sp=0x00007000097a74b0 mode 2
Event: 2023.739 Thread 0x00007fe36714b000 Uncommon trap: trap_request=0xffffff4d fr.pc=0x0000000118ce37f8 relative=0x0000000000000058
Event: 2023.739 Thread 0x00007fe36714b000 DEOPT PACKING pc=0x0000000118ce37f8 sp=0x00007000097a6f50
Event: 2023.739 Thread 0x00007fe36714b000 DEOPT UNPACKING pc=0x000000011123f925 sp=0x00007000097a6f00 mode 2
Event: 2023.739 Thread 0x00007fe36714b000 Uncommon trap: trap_request=0xffffff4d fr.pc=0x0000000118ce2e14 relative=0x0000000000000074
Event: 2023.739 Thread 0x00007fe36714b000 DEOPT PACKING pc=0x0000000118ce2e14 sp=0x00007000097a6c20
Event: 2023.739 Thread 0x00007fe36714b000 DEOPT UNPACKING pc=0x000000011123f925 sp=0x00007000097a6b80 mode 2
Event: 2037.186 Thread 0x00007fe36714b000 Uncommon trap: trap_request=0xffffff4d fr.pc=0x0000000118cf9ddc relative=0x00000000000001bc
Event: 2037.186 Thread 0x00007fe36714b000 DEOPT PACKING pc=0x0000000118cf9ddc sp=0x00007000097a7500
Event: 2037.186 Thread 0x00007fe36714b000 DEOPT UNPACKING pc=0x000000011123f925 sp=0x00007000097a74b0 mode 2


Dynamic libraries:
0x00007fff38d41000 	/System/Library/Frameworks/Cocoa.framework/Versions/A/Cocoa
0x00007fff4631e000 	/System/Library/Frameworks/Security.framework/Versions/A/Security
0x00007fff37ca7000 	/System/Library/Frameworks/ApplicationServices.framework/Versions/A/ApplicationServices
0x00007fff721b4000 	/usr/lib/libz.1.dylib
0x0000000102b32000 	/Library/Java/JavaVirtualMachines/jdk-11.0.17.jdk/Contents/Home/lib/jli/libjli.dylib
0x00007fff6fc76000 	/usr/lib/libSystem.B.dylib
0x00007fff36e99000 	/System/Library/Frameworks/AppKit.framework/Versions/C/AppKit
0x00007fff39673000 	/System/Library/Frameworks/CoreData.framework/Versions/A/CoreData
0x00007fff3c253000 	/System/Library/Frameworks/Foundation.framework/Versions/C/Foundation
0x00007fff6a021000 	/System/Library/PrivateFrameworks/UIFoundation.framework/Versions/A/UIFoundation
0x00007fff65837000 	/System/Library/PrivateFrameworks/RemoteViewServices.framework/Versions/A/RemoteViewServices
0x00007fff6c7e6000 	/System/Library/PrivateFrameworks/XCTTargetBootstrap.framework/Versions/A/XCTTargetBootstrap
0x00007fff39a5e000 	/System/Library/Frameworks/CoreDisplay.framework/Versions/A/CoreDisplay
0x00007fff3f10e000 	/System/Library/Frameworks/Metal.framework/Versions/A/Metal
0x00007fff539cf000 	/System/Library/PrivateFrameworks/DesktopServicesPriv.framework/Versions/A/DesktopServicesPriv
0x00007fff70db3000 	/usr/lib/liblangid.dylib
0x00007fff52c64000 	/System/Library/PrivateFrameworks/CoreSVG.framework/Versions/A/CoreSVG
0x00007fff68211000 	/System/Library/PrivateFrameworks/SkyLight.framework/Versions/A/SkyLight
0x00007fff3a013000 	/System/Library/Frameworks/CoreGraphics.framework/Versions/A/CoreGraphics
0x00007fff3586d000 	/System/Library/Frameworks/Accelerate.framework/Versions/A/Accelerate
0x00007fff720a5000 	/usr/lib/libxml2.2.dylib
0x00007fff5e95b000 	/System/Library/PrivateFrameworks/IconServices.framework/Versions/A/IconServices
0x00007fff3ca32000 	/System/Library/Frameworks/IOSurface.framework/Versions/A/IOSurface
0x00007fff6f7a0000 	/usr/lib/libDiagnosticMessagesClient.dylib
0x00007fff53829000 	/System/Library/PrivateFrameworks/DFRFoundation.framework/Versions/A/DFRFoundation
0x00007fff70b42000 	/usr/lib/libicucore.A.dylib
0x00007fff37fd9000 	/System/Library/Frameworks/AudioToolbox.framework/Versions/A/AudioToolbox
0x00007fff380bc000 	/System/Library/Frameworks/AudioUnit.framework/Versions/A/AudioUnit
0x00007fff6fe78000 	/usr/lib/libauto.dylib
0x00007fff538cb000 	/System/Library/PrivateFrameworks/DataDetectorsCore.framework/Versions/A/DataDetectorsCore
0x00007fff38862000 	/System/Library/Frameworks/Carbon.framework/Versions/A/Frameworks/HIToolbox.framework/Versions/A/HIToolbox
0x00007fff45517000 	/System/Library/Frameworks/QuartzCore.framework/Versions/A/QuartzCore
0x00007fff38ba1000 	/System/Library/Frameworks/Carbon.framework/Versions/A/Frameworks/SpeechRecognition.framework/Versions/A/SpeechRecognition
0x00007fff5333d000 	/System/Library/PrivateFrameworks/CoreUI.framework/Versions/A/CoreUI
0x00007fff39130000 	/System/Library/Frameworks/CoreAudio.framework/Versions/A/CoreAudio
0x00007fff3bf11000 	/System/Library/Frameworks/DiskArbitration.framework/Versions/A/DiskArbitration
0x00007fff60810000 	/System/Library/PrivateFrameworks/MultitouchSupport.framework/Versions/A/MultitouchSupport
0x00007fff70a07000 	/usr/lib/libenergytrace.dylib
0x00007fff3c98c000 	/System/Library/Frameworks/IOKit.framework/Versions/A/IOKit
0x00007fff3af7b000 	/System/Library/Frameworks/CoreServices.framework/Versions/A/CoreServices
0x00007fff629ca000 	/System/Library/PrivateFrameworks/PerformanceAnalysis.framework/Versions/A/PerformanceAnalysis
0x00007fff4454a000 	/System/Library/Frameworks/OpenGL.framework/Versions/A/OpenGL
0x00007fff71ad8000 	/usr/lib/libobjc.A.dylib
0x00007fff38d4f000 	/System/Library/Frameworks/ColorSync.framework/Versions/A/ColorSync
0x00007fff39b91000 	/System/Library/Frameworks/CoreFoundation.framework/Versions/A/CoreFoundation
0x00007fff3a696000 	/System/Library/Frameworks/CoreImage.framework/Versions/A/CoreImage
0x00007fff3b9ef000 	/System/Library/Frameworks/CoreText.framework/Versions/A/CoreText
0x00007fff3cac2000 	/System/Library/Frameworks/ImageIO.framework/Versions/A/ImageIO
0x00007fff6ff5c000 	/usr/lib/libc++.1.dylib
0x00007fff6ffd8000 	/usr/lib/libcompression.dylib
0x00007fff6fae4000 	/usr/lib/libMobileGestalt.dylib
0x00007fff69d8b000 	/System/Library/PrivateFrameworks/TextureIO.framework/Versions/A/TextureIO
0x00007fff6fddb000 	/usr/lib/libate.dylib
0x00007fff5eb64000 	/System/Library/PrivateFrameworks/InternationalSupport.framework/Versions/A/InternationalSupport
0x00007fff72a75000 	/usr/lib/system/libcache.dylib
0x00007fff72a7b000 	/usr/lib/system/libcommonCrypto.dylib
0x00007fff72a87000 	/usr/lib/system/libcompiler_rt.dylib
0x00007fff72a8f000 	/usr/lib/system/libcopyfile.dylib
0x00007fff72a99000 	/usr/lib/system/libcorecrypto.dylib
0x00007fff72c38000 	/usr/lib/system/libdispatch.dylib
0x00007fff72c79000 	/usr/lib/system/libdyld.dylib
0x00007fff72cb0000 	/usr/lib/system/libkeymgr.dylib
0x00007fff72cbe000 	/usr/lib/system/liblaunch.dylib
0x00007fff72cbf000 	/usr/lib/system/libmacho.dylib
0x00007fff72cc5000 	/usr/lib/system/libquarantine.dylib
0x00007fff72cc8000 	/usr/lib/system/libremovefile.dylib
0x00007fff72cca000 	/usr/lib/system/libsystem_asl.dylib
0x00007fff72ce2000 	/usr/lib/system/libsystem_blocks.dylib
0x00007fff72ce3000 	/usr/lib/system/libsystem_c.dylib
0x00007fff72d6b000 	/usr/lib/system/libsystem_configuration.dylib
0x00007fff72d6f000 	/usr/lib/system/libsystem_coreservices.dylib
0x00007fff72d73000 	/usr/lib/system/libsystem_darwin.dylib
0x00007fff72d7c000 	/usr/lib/system/libsystem_dnssd.dylib
0x00007fff72d84000 	/usr/lib/system/libsystem_featureflags.dylib
0x00007fff72d86000 	/usr/lib/system/libsystem_info.dylib
0x00007fff72e01000 	/usr/lib/system/libsystem_m.dylib
0x00007fff72e49000 	/usr/lib/system/libsystem_malloc.dylib
0x00007fff72e71000 	/usr/lib/system/libsystem_networkextension.dylib
0x00007fff72e7f000 	/usr/lib/system/libsystem_notify.dylib
0x00007fff72e9d000 	/usr/lib/system/libsystem_sandbox.dylib
0x00007fff72ea2000 	/usr/lib/system/libsystem_secinit.dylib
0x00007fff72dd4000 	/usr/lib/system/libsystem_kernel.dylib
0x00007fff72e89000 	/usr/lib/system/libsystem_platform.dylib
0x00007fff72e92000 	/usr/lib/system/libsystem_pthread.dylib
0x00007fff72ea5000 	/usr/lib/system/libsystem_symptoms.dylib
0x00007fff72ead000 	/usr/lib/system/libsystem_trace.dylib
0x00007fff72ec5000 	/usr/lib/system/libunwind.dylib
0x00007fff72ecb000 	/usr/lib/system/libxpc.dylib
0x00007fff6ffaf000 	/usr/lib/libc++abi.dylib
0x00007fff70db5000 	/usr/lib/liblzma.5.dylib
0x00007fff70a30000 	/usr/lib/libfakelink.dylib
0x00007fff6fd68000 	/usr/lib/libarchive.2.dylib
0x00007fff473d1000 	/System/Library/Frameworks/SystemConfiguration.framework/Versions/A/SystemConfiguration
0x00007fff6f6d3000 	/usr/lib/libCRFSuite.dylib
0x00007fff38453000 	/System/Library/Frameworks/CFNetwork.framework/Versions/A/CFNetwork
0x00007fff6ff3e000 	/usr/lib/libbsm.0.dylib
0x00007fff72cb1000 	/usr/lib/system/libkxld.dylib
0x00007fff4d18b000 	/System/Library/PrivateFrameworks/AppleFSCompression.framework/Versions/A/AppleFSCompression
0x00007fff702c9000 	/usr/lib/libcoretls.dylib
0x00007fff702e0000 	/usr/lib/libcoretls_cfhelpers.dylib
0x00007fff71b1e000 	/usr/lib/libpam.2.dylib
0x00007fff71c53000 	/usr/lib/libsqlite3.dylib
0x00007fff72092000 	/usr/lib/libxar.1.dylib
0x00007fff6ff4f000 	/usr/lib/libbz2.1.0.dylib
0x00007fff70a51000 	/usr/lib/libiconv.2.dylib
0x00007fff6ffc5000 	/usr/lib/libcharset.1.dylib
0x00007fff715bb000 	/usr/lib/libnetwork.dylib
0x00007fff71b25000 	/usr/lib/libpcap.A.dylib
0x00007fff6fd1d000 	/usr/lib/libapple_nghttp2.dylib
0x00007fff3b332000 	/System/Library/Frameworks/CoreServices.framework/Versions/A/Frameworks/FSEvents.framework/Versions/A/FSEvents
0x00007fff3b002000 	/System/Library/Frameworks/CoreServices.framework/Versions/A/Frameworks/CarbonCore.framework/Versions/A/CarbonCore
0x00007fff3b577000 	/System/Library/Frameworks/CoreServices.framework/Versions/A/Frameworks/Metadata.framework/Versions/A/Metadata
0x00007fff3b610000 	/System/Library/Frameworks/CoreServices.framework/Versions/A/Frameworks/OSServices.framework/Versions/A/OSServices
0x00007fff3b63e000 	/System/Library/Frameworks/CoreServices.framework/Versions/A/Frameworks/SearchKit.framework/Versions/A/SearchKit
0x00007fff3af7c000 	/System/Library/Frameworks/CoreServices.framework/Versions/A/Frameworks/AE.framework/Versions/A/AE
0x00007fff3b33b000 	/System/Library/Frameworks/CoreServices.framework/Versions/A/Frameworks/LaunchServices.framework/Versions/A/LaunchServices
0x00007fff3b2e4000 	/System/Library/Frameworks/CoreServices.framework/Versions/A/Frameworks/DictionaryServices.framework/Versions/A/DictionaryServices
0x00007fff3b6a6000 	/System/Library/Frameworks/CoreServices.framework/Versions/A/Frameworks/SharedFileList.framework/Versions/A/SharedFileList
0x00007fff40369000 	/System/Library/Frameworks/NetFS.framework/Versions/A/NetFS
0x00007fff60d40000 	/System/Library/PrivateFrameworks/NetAuth.framework/Versions/A/NetAuth
0x00007fff6cbb3000 	/System/Library/PrivateFrameworks/login.framework/Versions/A/Frameworks/loginsupport.framework/Versions/A/loginsupport
0x00007fff69856000 	/System/Library/PrivateFrameworks/TCC.framework/Versions/A/TCC
0x00007fff51dc1000 	/System/Library/PrivateFrameworks/CoreNLP.framework/Versions/A/CoreNLP
0x00007fff603cb000 	/System/Library/PrivateFrameworks/MetadataUtilities.framework/Versions/A/MetadataUtilities
0x00007fff70e8d000 	/usr/lib/libmecabra.dylib
0x00007fff70de5000 	/usr/lib/libmecab.dylib
0x00007fff70a41000 	/usr/lib/libgermantok.dylib
0x00007fff6fd04000 	/usr/lib/libThaiTokenizer.dylib
0x00007fff6f70a000 	/usr/lib/libChineseTokenizer.dylib
0x00007fff35885000 	/System/Library/Frameworks/Accelerate.framework/Versions/A/Frameworks/vImage.framework/Versions/A/vImage
0x00007fff36cef000 	/System/Library/Frameworks/Accelerate.framework/Versions/A/Frameworks/vecLib.framework/Versions/A/vecLib
0x00007fff36c2c000 	/System/Library/Frameworks/Accelerate.framework/Versions/A/Frameworks/vecLib.framework/Versions/A/libvMisc.dylib
0x00007fff36a54000 	/System/Library/Frameworks/Accelerate.framework/Versions/A/Frameworks/vecLib.framework/Versions/A/libvDSP.dylib
0x00007fff35edc000 	/System/Library/Frameworks/Accelerate.framework/Versions/A/Frameworks/vecLib.framework/Versions/A/libBLAS.dylib
0x00007fff36618000 	/System/Library/Frameworks/Accelerate.framework/Versions/A/Frameworks/vecLib.framework/Versions/A/libLAPACK.dylib
0x00007fff369b4000 	/System/Library/Frameworks/Accelerate.framework/Versions/A/Frameworks/vecLib.framework/Versions/A/libLinearAlgebra.dylib
0x00007fff36a41000 	/System/Library/Frameworks/Accelerate.framework/Versions/A/Frameworks/vecLib.framework/Versions/A/libSparseBLAS.dylib
0x00007fff369ca000 	/System/Library/Frameworks/Accelerate.framework/Versions/A/Frameworks/vecLib.framework/Versions/A/libQuadrature.dylib
0x00007fff36144000 	/System/Library/Frameworks/Accelerate.framework/Versions/A/Frameworks/vecLib.framework/Versions/A/libBNNS.dylib
0x00007fff369d0000 	/System/Library/Frameworks/Accelerate.framework/Versions/A/Frameworks/vecLib.framework/Versions/A/libSparse.dylib
0x00007fff5ef3f000 	/System/Library/PrivateFrameworks/LanguageModeling.framework/Versions/A/LanguageModeling
0x00007fff51770000 	/System/Library/PrivateFrameworks/CoreEmoji.framework/Versions/A/CoreEmoji
0x00007fff5f05d000 	/System/Library/PrivateFrameworks/LinguisticData.framework/Versions/A/LinguisticData
0x00007fff5f00e000 	/System/Library/PrivateFrameworks/Lexicon.framework/Versions/A/Lexicon
0x00007fff6ffc6000 	/usr/lib/libcmph.dylib
0x00007fff42f58000 	/System/Library/Frameworks/OpenDirectory.framework/Versions/A/Frameworks/CFOpenDirectory.framework/Versions/A/CFOpenDirectory
0x00007fff42f75000 	/System/Library/Frameworks/OpenDirectory.framework/Versions/A/OpenDirectory
0x00007fff4b3bb000 	/System/Library/PrivateFrameworks/APFS.framework/Versions/A/APFS
0x00007fff4666a000 	/System/Library/Frameworks/SecurityFoundation.framework/Versions/A/SecurityFoundation
0x00007fff7208e000 	/usr/lib/libutil.dylib
0x00007fff52cbc000 	/System/Library/PrivateFrameworks/CoreServicesStore.framework/Versions/A/CoreServicesStore
0x00007fff46721000 	/System/Library/Frameworks/ServiceManagement.framework/Versions/A/ServiceManagement
0x00007fff4e95d000 	/System/Library/PrivateFrameworks/BackgroundTaskManagement.framework/Versions/A/BackgroundTaskManagement
0x00007fff7218b000 	/usr/lib/libxslt.1.dylib
0x00007fff4d7ff000 	/System/Library/PrivateFrameworks/AppleSystemInfo.framework/Versions/A/AppleSystemInfo
0x00007fff3ccdf000 	/System/Library/Frameworks/ImageIO.framework/Versions/A/Resources/libJPEG.dylib
0x00007fff3cf9c000 	/System/Library/Frameworks/ImageIO.framework/Versions/A/Resources/libTIFF.dylib
0x00007fff3cf7f000 	/System/Library/Frameworks/ImageIO.framework/Versions/A/Resources/libPng.dylib
0x00007fff3cc21000 	/System/Library/Frameworks/ImageIO.framework/Versions/A/Resources/libGIF.dylib
0x00007fff3cc25000 	/System/Library/Frameworks/ImageIO.framework/Versions/A/Resources/libJP2.dylib
0x00007fff3cf9a000 	/System/Library/Frameworks/ImageIO.framework/Versions/A/Resources/libRadiance.dylib
0x00007fff70a08000 	/usr/lib/libexpat.1.dylib
0x00007fff4d2e6000 	/System/Library/PrivateFrameworks/AppleJPEG.framework/Versions/A/AppleJPEG
0x00007fff55fbb000 	/System/Library/PrivateFrameworks/FontServices.framework/libFontParser.dylib
0x00007fff6bd05000 	/System/Library/PrivateFrameworks/WatchdogClient.framework/Versions/A/WatchdogClient
0x00007fff5e5a7000 	/System/Library/PrivateFrameworks/IOAccelerator.framework/Versions/A/IOAccelerator
0x00007fff3f4a9000 	/System/Library/Frameworks/MetalPerformanceShaders.framework/Versions/A/MetalPerformanceShaders
0x00007fff5ad37000 	/System/Library/PrivateFrameworks/GPUWrangler.framework/Versions/A/GPUWrangler
0x00007fff5e5bc000 	/System/Library/PrivateFrameworks/IOPresentment.framework/Versions/A/IOPresentment
0x00007fff5383c000 	/System/Library/PrivateFrameworks/DSExternalDisplay.framework/Versions/A/DSExternalDisplay
0x00007fff438e9000 	/System/Library/Frameworks/OpenGL.framework/Versions/A/Libraries/libCoreFSCache.dylib
0x00007fff3f1f5000 	/System/Library/Frameworks/MetalPerformanceShaders.framework/Frameworks/MPSCore.framework/Versions/A/MPSCore
0x00007fff3f233000 	/System/Library/Frameworks/MetalPerformanceShaders.framework/Frameworks/MPSImage.framework/Versions/A/MPSImage
0x00007fff3f2fa000 	/System/Library/Frameworks/MetalPerformanceShaders.framework/Frameworks/MPSNeuralNetwork.framework/Versions/A/MPSNeuralNetwork
0x00007fff3f2be000 	/System/Library/Frameworks/MetalPerformanceShaders.framework/Frameworks/MPSMatrix.framework/Versions/A/MPSMatrix
0x00007fff3f459000 	/System/Library/Frameworks/MetalPerformanceShaders.framework/Frameworks/MPSRayIntersector.framework/Versions/A/MPSRayIntersector
0x00007fff3f2e4000 	/System/Library/Frameworks/MetalPerformanceShaders.framework/Frameworks/MPSNDArray.framework/Versions/A/MPSNDArray
0x00007fff60418000 	/System/Library/PrivateFrameworks/MetalTools.framework/Versions/A/MetalTools
0x00007fff4c595000 	/System/Library/PrivateFrameworks/AggregateDictionary.framework/Versions/A/AggregateDictionary
0x00007fff511b7000 	/System/Library/PrivateFrameworks/CoreAnalytics.framework/Versions/A/CoreAnalytics
0x00007fff4d71d000 	/System/Library/PrivateFrameworks/AppleSauce.framework/Versions/A/AppleSauce
0x00007fff6f9c6000 	/usr/lib/libIOReport.dylib
0x00007fff3bba8000 	/System/Library/Frameworks/CoreVideo.framework/Versions/A/CoreVideo
0x00007fff5c1b0000 	/System/Library/PrivateFrameworks/GraphVisualizer.framework/Versions/A/GraphVisualizer
0x00007fff55501000 	/System/Library/PrivateFrameworks/FaceCore.framework/Versions/A/FaceCore
0x00007fff42eff000 	/System/Library/Frameworks/OpenCL.framework/Versions/A/OpenCL
0x00007fff6f7e8000 	/usr/lib/libFosl_dynamic.dylib
0x00007fff61762000 	/System/Library/PrivateFrameworks/OTSVG.framework/Versions/A/OTSVG
0x00007fff37dac000 	/System/Library/Frameworks/ApplicationServices.framework/Versions/A/Frameworks/ATS.framework/Versions/A/Resources/libFontRegistry.dylib
0x00007fff5618b000 	/System/Library/PrivateFrameworks/FontServices.framework/libhvf.dylib
0x00007fff438f4000 	/System/Library/Frameworks/OpenGL.framework/Versions/A/Libraries/libGFXShared.dylib
0x00007fff43ad2000 	/System/Library/Frameworks/OpenGL.framework/Versions/A/Libraries/libGLU.dylib
0x00007fff438fd000 	/System/Library/Frameworks/OpenGL.framework/Versions/A/Libraries/libGL.dylib
0x00007fff43908000 	/System/Library/Frameworks/OpenGL.framework/Versions/A/Libraries/libGLImage.dylib
0x00007fff438e6000 	/System/Library/Frameworks/OpenGL.framework/Versions/A/Libraries/libCVMSPluginSupport.dylib
0x00007fff438ef000 	/System/Library/Frameworks/OpenGL.framework/Versions/A/Libraries/libCoreVMClient.dylib
0x00007fff7145c000 	/usr/lib/libncurses.5.4.dylib
0x00007fff37ca8000 	/System/Library/Frameworks/ApplicationServices.framework/Versions/A/Frameworks/ATS.framework/Versions/A/ATS
0x00007fff37e75000 	/System/Library/Frameworks/ApplicationServices.framework/Versions/A/Frameworks/ColorSyncLegacy.framework/Versions/A/ColorSyncLegacy
0x00007fff37f13000 	/System/Library/Frameworks/ApplicationServices.framework/Versions/A/Frameworks/HIServices.framework/Versions/A/HIServices
0x00007fff37f6b000 	/System/Library/Frameworks/ApplicationServices.framework/Versions/A/Frameworks/LangAnalysis.framework/Versions/A/LangAnalysis
0x00007fff37f7a000 	/System/Library/Frameworks/ApplicationServices.framework/Versions/A/Frameworks/PrintCore.framework/Versions/A/PrintCore
0x00007fff37fc0000 	/System/Library/Frameworks/ApplicationServices.framework/Versions/A/Frameworks/QD.framework/Versions/A/QD
0x00007fff37fcb000 	/System/Library/Frameworks/ApplicationServices.framework/Versions/A/Frameworks/SpeechSynthesis.framework/Versions/A/SpeechSynthesis
0x00007fff37e45000 	/System/Library/Frameworks/ApplicationServices.framework/Versions/A/Frameworks/ATSUI.framework/Versions/A/ATSUI
0x00007fff7089e000 	/usr/lib/libcups.2.dylib
0x00007fff3e544000 	/System/Library/Frameworks/Kerberos.framework/Versions/A/Kerberos
0x00007fff3c685000 	/System/Library/Frameworks/GSS.framework/Versions/A/GSS
0x00007fff71bdf000 	/usr/lib/libresolv.9.dylib
0x00007fff5c35d000 	/System/Library/PrivateFrameworks/Heimdal.framework/Versions/A/Heimdal
0x00007fff3e557000 	/System/Library/Frameworks/Kerberos.framework/Versions/A/Libraries/libHeimdalProxy.dylib
0x00007fff70a47000 	/usr/lib/libheimdal-asn1.dylib
0x00007fff5064f000 	/System/Library/PrivateFrameworks/CommonAuth.framework/Versions/A/CommonAuth
0x00007fff4d89c000 	/System/Library/PrivateFrameworks/AssertionServices.framework/Versions/A/AssertionServices
0x00007fff4e43f000 	/System/Library/PrivateFrameworks/AudioToolboxCore.framework/Versions/A/AudioToolboxCore
0x00007fff6c863000 	/System/Library/PrivateFrameworks/caulk.framework/Versions/A/caulk
0x00007fff4ea09000 	/System/Library/PrivateFrameworks/BaseBoard.framework/Versions/A/BaseBoard
0x00007fff659c5000 	/System/Library/PrivateFrameworks/RunningBoardServices.framework/Versions/A/RunningBoardServices
0x00007fff629d6000 	/System/Library/PrivateFrameworks/PersistentConnection.framework/Versions/A/PersistentConnection
0x00007fff653be000 	/System/Library/PrivateFrameworks/ProtocolBuffer.framework/Versions/A/ProtocolBuffer
0x00007fff50673000 	/System/Library/PrivateFrameworks/CommonUtilities.framework/Versions/A/CommonUtilities
0x00007fff4eb97000 	/System/Library/PrivateFrameworks/Bom.framework/Versions/A/Bom
0x00007fff6f699000 	/usr/lib/libAudioToolboxUtility.dylib
0x00007fff4e967000 	/System/Library/PrivateFrameworks/Backup.framework/Versions/A/Backup
0x00007fff5375d000 	/System/Library/PrivateFrameworks/CrashReporterSupport.framework/Versions/A/CrashReporterSupport
0x00007fff66cd5000 	/System/Library/PrivateFrameworks/Sharing.framework/Versions/A/Sharing
0x00007fff4cea9000 	/System/Library/PrivateFrameworks/Apple80211.framework/Versions/A/Apple80211
0x00007fff4e684000 	/System/Library/PrivateFrameworks/AuthKit.framework/Versions/A/AuthKit
0x00007fff5346a000 	/System/Library/PrivateFrameworks/CoreUtils.framework/Versions/A/CoreUtils
0x00007fff3bbed000 	/System/Library/Frameworks/CoreWLAN.framework/Versions/A/CoreWLAN
0x00007fff3c812000 	/System/Library/Frameworks/IOBluetooth.framework/Versions/A/IOBluetooth
0x00007fff6058f000 	/System/Library/PrivateFrameworks/MobileKeyBag.framework/Versions/A/MobileKeyBag
0x00007fff52259000 	/System/Library/PrivateFrameworks/CorePhoneNumbers.framework/Versions/A/CorePhoneNumbers
0x00007fff4d299000 	/System/Library/PrivateFrameworks/AppleIDAuthSupport.framework/Versions/A/AppleIDAuthSupport
0x00007fff40376000 	/System/Library/Frameworks/Network.framework/Versions/A/Network
0x00007fff5edeb000 	/System/Library/PrivateFrameworks/KeychainCircle.framework/Versions/A/KeychainCircle
0x00007fff3963a000 	/System/Library/Frameworks/CoreBluetooth.framework/Versions/A/CoreBluetooth
0x00007fff68d54000 	/System/Library/PrivateFrameworks/SpeechRecognitionCore.framework/Versions/A/SpeechRecognitionCore
0x0000000104400000 	/Library/Java/JavaVirtualMachines/jdk-11.0.17.jdk/Contents/Home/lib/server/libjvm.dylib
0x0000000102b5e000 	/Library/Java/JavaVirtualMachines/jdk-11.0.17.jdk/Contents/Home/lib/libverify.dylib
0x0000000102b6e000 	/Library/Java/JavaVirtualMachines/jdk-11.0.17.jdk/Contents/Home/lib/libjava.dylib
0x0000000102b9b000 	/Library/Java/JavaVirtualMachines/jdk-11.0.17.jdk/Contents/Home/lib/libjimage.dylib
0x0000000102bf1000 	/Library/Java/JavaVirtualMachines/jdk-11.0.17.jdk/Contents/Home/lib/libzip.dylib
0x000000010fece000 	/Library/Java/JavaVirtualMachines/jdk-11.0.17.jdk/Contents/Home/lib/libnio.dylib
0x000000010fee0000 	/Library/Java/JavaVirtualMachines/jdk-11.0.17.jdk/Contents/Home/lib/libnet.dylib
0x000000010fef9000 	/Library/Java/JavaVirtualMachines/jdk-11.0.17.jdk/Contents/Home/lib/libextnet.dylib


VM Arguments:
java_command: App 49329
java_class_path (initial): /Users/emagueri/.vscode/extensions/adamvoss.vscode-languagetool-3.8.0/lib/languagetool-languageserver/build/install/languagetool-languageserver/lib/annotations-12.0.jar:/Users/emagueri/.vscode/extensions/adamvoss.vscode-languagetool-3.8.0/lib/languagetool-languageserver/build/install/languagetool-languageserver/lib/autolink-0.6.0.jar:/Users/emagueri/.vscode/extensions/adamvoss.vscode-languagetool-3.8.0/lib/languagetool-languageserver/build/install/languagetool-languageserver/lib/berkeleylm-1.1.2.jar:/Users/emagueri/.vscode/extensions/adamvoss.vscode-languagetool-3.8.0/lib/languagetool-languageserver/build/install/languagetool-languageserver/lib/commons-lang3-3.5.jar:/Users/emagueri/.vscode/extensions/adamvoss.vscode-languagetool-3.8.0/lib/languagetool-languageserver/build/install/languagetool-languageserver/lib/commons-logging-1.2.jar:/Users/emagueri/.vscode/extensions/adamvoss.vscode-languagetool-3.8.0/lib/languagetool-languageserver/build/install/languagetool-languageserver/lib/flexmark-0.19.1.jar:/Users/emagueri/.vscode/extensions/adamvoss.vscode-languagetool-3.8.0/lib/languagetool-languageserver/build/install/languagetool-languageserver/lib/flexmark-all-0.19.1.jar:/Users/emagueri/.vscode/extensions/adamvoss.vscode-languagetool-3.8.0/lib/languagetool-languageserver/build/install/languagetool-languageserver/lib/flexmark-ext-abbreviation-0.19.1.jar:/Users/emagueri/.vscode/extensions/adamvoss.vscode-languagetool-3.8.0/lib/languagetool-languageserver/build/install/languagetool-languageserver/lib/flexmark-ext-anchorlink-0.19.1.jar:/Users/emagueri/.vscode/extensions/adamvoss.vscode-languagetool-3.8.0/lib/languagetool-languageserver/build/install/languagetool-languageserver/lib/flexmark-ext-aside-0.19.1.jar:/Users/emagueri/.vscode/extensions/adamvoss.vscode-languagetool-3.8.0/lib/languagetool-languageserver/build/install/languagetool-languageserver/lib/flexmark-ext-autolink-0.19.1.jar:/Users/emagueri/.vscode/extensions/adamvoss.vscode-langua
Launcher Type: SUN_STANDARD

[Global flags]
     intx CICompilerCount                          = 4                                         {product} {ergonomic}
     uint ConcGCThreads                            = 3                                         {product} {ergonomic}
     uint G1ConcRefinementThreads                  = 10                                        {product} {ergonomic}
   size_t G1HeapRegionSize                         = 1048576                                   {product} {ergonomic}
    uintx GCDrainStackTargetSize                   = 64                                        {product} {ergonomic}
   size_t InitialHeapSize                          = 134217728                                 {product} {ergonomic}
   size_t MarkStackSize                            = 4194304                                   {product} {ergonomic}
   size_t MaxHeapSize                              = 2147483648                                {product} {ergonomic}
   size_t MaxNewSize                               = 1287651328                                {product} {ergonomic}
   size_t MinHeapDeltaBytes                        = 1048576                                   {product} {ergonomic}
    uintx NonNMethodCodeHeapSize                   = 5836300                                {pd product} {ergonomic}
    uintx NonProfiledCodeHeapSize                  = 122910970                              {pd product} {ergonomic}
    uintx ProfiledCodeHeapSize                     = 122910970                              {pd product} {ergonomic}
    uintx ReservedCodeCacheSize                    = 251658240                              {pd product} {ergonomic}
     bool SegmentedCodeCache                       = true                                      {product} {ergonomic}
     bool UseCompressedClassPointers               = true                                 {lp64_product} {ergonomic}
     bool UseCompressedOops                        = true                                 {lp64_product} {ergonomic}
     bool UseG1GC                                  = true                                      {product} {ergonomic}

Logging:
Log output configuration:
 #0: stdout all=warning uptime,level,tags
 #1: stderr all=off uptime,level,tags

Environment Variables:
PATH=/usr/bin:/bin:/usr/sbin:/sbin
SHELL=/bin/zsh

Signal Handlers:
SIGSEGV: [libjvm.dylib+0x78c582], sa_mask[0]=11111111011111110111111111111111, sa_flags=SA_ONSTACK|SA_RESTART|SA_SIGINFO
SIGBUS: [libjvm.dylib+0x78c582], sa_mask[0]=11111111011111110111111111111111, sa_flags=SA_RESTART|SA_SIGINFO
SIGFPE: [libjvm.dylib+0x78c582], sa_mask[0]=11111111011111110111111111111111, sa_flags=SA_RESTART|SA_SIGINFO
SIGPIPE: [libjvm.dylib+0x63f367], sa_mask[0]=11111111011111110111111111111111, sa_flags=SA_RESTART|SA_SIGINFO
SIGXFSZ: [libjvm.dylib+0x63f367], sa_mask[0]=11111111011111110111111111111111, sa_flags=SA_RESTART|SA_SIGINFO
SIGILL: [libjvm.dylib+0x78c582], sa_mask[0]=11111111011111110111111111111111, sa_flags=SA_RESTART|SA_SIGINFO
SIGUSR2: [libjvm.dylib+0x63f93c], sa_mask[0]=00000000000000000000000000000000, sa_flags=SA_RESTART|SA_SIGINFO
SIGHUP: [libjvm.dylib+0x63e3bb], sa_mask[0]=11111111011111110111111111111111, sa_flags=SA_RESTART|SA_SIGINFO
SIGINT: [libjvm.dylib+0x63e3bb], sa_mask[0]=11111111011111110111111111111111, sa_flags=SA_RESTART|SA_SIGINFO
SIGTERM: [libjvm.dylib+0x63e3bb], sa_mask[0]=11111111011111110111111111111111, sa_flags=SA_RESTART|SA_SIGINFO
SIGQUIT: [libjvm.dylib+0x63e3bb], sa_mask[0]=11111111011111110111111111111111, sa_flags=SA_RESTART|SA_SIGINFO


---------------  S Y S T E M  ---------------

OS:uname:Darwin 19.6.0 Darwin Kernel Version 19.6.0: Tue Jun 21 21:18:39 PDT 2022; root:xnu-6153.141.66~1/RELEASE_X86_64 x86_64
rlimit: STACK 8192k, CORE 0k, NPROC 1392, NOFILE 10240, AS infinity, DATA infinity, FSIZE infinity
load average:1.64 1.75 1.88

CPU:total 12 (initial active 12) (6 cores per cpu, 2 threads per core) family 6 model 165 stepping 3 microcode 0xf4, cmov, cx8, fxsr, mmx, sse, sse2, sse3, ssse3, sse4.1, sse4.2, popcnt, avx, avx2, aes, clmul, erms, 3dnowpref, lzcnt, ht, tsc, tscinvbit, bmi1, bmi2, adx, fma

Memory: 4k page, physical 8388608k(1310940k free)

vm_info: Java HotSpot(TM) 64-Bit Server VM (11.0.17+10-LTS-269) for bsd-amd64 JRE (11.0.17+10-LTS-269), built on Sep 13 2022 18:28:10 by "mach5one" with gcc 4.2.1 Compatible Apple LLVM 11.0.0 (clang-1100.0.33.17)

END.
